<?xml version="1.0" encoding="UTF-8"?>
<!-- Generated by org.testng.reporters.JUnitReportReporter -->
<testsuite skipped="0" hostname="apples-MacBook-Pro.local" name="com.web.SeleniumAlpha.NetworkRelated" tests="1" failures="0" timestamp="2020-05-11T20:45:58 IST" time="0.087" errors="0">
  <testcase name="openNewTab" time="0.087" classname="com.web.SeleniumAlpha.NetworkRelated"/>
</testsuite> <!-- com.web.SeleniumAlpha.NetworkRelated -->
