<?xml version="1.0" encoding="UTF-8"?>
<!-- Generated by org.testng.reporters.JUnitReportReporter -->
<testsuite skipped="0" hostname="apples-MacBook-Pro.local" name="com.web.SeleniumAlpha.HIghlightElements" tests="1" failures="0" timestamp="2020-05-11T22:05:33 IST" time="21.222" errors="0">
  <testcase name="elementHighlight" time="21.222" classname="com.web.SeleniumAlpha.HIghlightElements"/>
</testsuite> <!-- com.web.SeleniumAlpha.HIghlightElements -->
