<?xml version="1.0" encoding="UTF-8"?>
<!-- Generated by org.testng.reporters.JUnitReportReporter -->
<testsuite skipped="0" hostname="apples-MacBook-Pro.local" name="com.web.SeleniumAlpha.GetLocationOfElement" tests="1" failures="0" timestamp="2020-05-11T20:01:23 IST" time="0.134" errors="0">
  <testcase name="openNewTab" time="0.134" classname="com.web.SeleniumAlpha.GetLocationOfElement"/>
</testsuite> <!-- com.web.SeleniumAlpha.GetLocationOfElement -->
