<?xml version="1.0" encoding="UTF-8"?>
<!-- Generated by org.testng.reporters.JUnitReportReporter -->
<testsuite skipped="0" hostname="apples-MacBook-Pro.local" name="com.web.SeleniumAlpha.NewTabTest" tests="1" failures="0" timestamp="2020-05-11T19:56:00 IST" time="9.659" errors="0">
  <testcase name="openNewWindow" time="9.659" classname="com.web.SeleniumAlpha.NewTabTest"/>
</testsuite> <!-- com.web.SeleniumAlpha.NewTabTest -->
