<?xml version="1.0" encoding="UTF-8"?>
<!-- Generated by org.testng.reporters.JUnitReportReporter -->
<testsuite skipped="0" hostname="apples-MacBook-Pro.local" name="com.web.SeleniumAlpha.ScreenShotTest" tests="1" failures="0" timestamp="2020-05-11T19:47:29 IST" time="0.206" errors="0">
  <testcase name="takeScreenshotOfElement" time="0.206" classname="com.web.SeleniumAlpha.ScreenShotTest"/>
</testsuite> <!-- com.web.SeleniumAlpha.ScreenShotTest -->
