<?xml version="1.0" encoding="UTF-8"?>
<!-- Generated by org.testng.reporters.JUnitReportReporter -->
<testsuite skipped="0" hostname="apples-MacBook-Pro.local" name="com.test.TestNG.MultipleGroups" tests="4" failures="0" timestamp="2021-03-31T07:55:08 IST" time="0.023" errors="0">
  <testcase name="MethodsBelongToG3" time="0.002" classname="com.test.TestNG.MultipleGroups"/>
  <testcase name="MethodsBelongToG2" time="0.001" classname="com.test.TestNG.MultipleGroups"/>
  <testcase name="MethodsBelongToG1G2G3" time="0.019" classname="com.test.TestNG.MultipleGroups"/>
  <testcase name="MethodsBelongToG1G3" time="0.001" classname="com.test.TestNG.MultipleGroups"/>
</testsuite> <!-- com.test.TestNG.MultipleGroups -->
