<?xml version="1.0" encoding="UTF-8"?>
<!-- Generated by org.testng.reporters.JUnitReportReporter -->
<testsuite skipped="0" hostname="apples-MacBook-Pro.local" name="com.android.SampleTest.SampleTestUsingTestNG" tests="4" failures="0" timestamp="2021-03-31T09:28:39 IST" time="0.021" errors="0">
  <testcase name="test2" time="0.002" classname="com.android.SampleTest.SampleTestUsingTestNG"/>
  <testcase name="test3" time="0.001" classname="com.android.SampleTest.SampleTestUsingTestNG"/>
  <testcase name="test1" time="0.017" classname="com.android.SampleTest.SampleTestUsingTestNG"/>
  <testcase name="test4" time="0.001" classname="com.android.SampleTest.SampleTestUsingTestNG"/>
</testsuite> <!-- com.android.SampleTest.SampleTestUsingTestNG -->
