<?xml version="1.0" encoding="UTF-8"?>
<!-- Generated by org.testng.reporters.JUnitReportReporter -->
<testsuite skipped="0" hostname="apples-MacBook-Pro.local" name="com.test.TestNG.ThreadPoolSize" tests="3" failures="0" timestamp="2020-08-28T16:29:02 IST" time="29.665" errors="0">
  <testcase name="poolSize" time="12.028" classname="com.test.TestNG.ThreadPoolSize"/>
  <testcase name="poolSize" time="12.468" classname="com.test.TestNG.ThreadPoolSize"/>
  <testcase name="poolSize" time="5.169" classname="com.test.TestNG.ThreadPoolSize"/>
</testsuite> <!-- com.test.TestNG.ThreadPoolSize -->
