<?xml version="1.0" encoding="UTF-8"?>
<!-- Generated by org.testng.reporters.JUnitReportReporter -->
<testsuite skipped="0" hostname="apples-MacBook-Pro.local" name="com.test.TestNG.Groups" tests="1" failures="0" timestamp="2021-01-02T20:01:46 IST" time="0.013" errors="0">
  <testcase name="testMethod3" time="0.013" classname="com.test.TestNG.Groups"/>
</testsuite> <!-- com.test.TestNG.Groups -->
