<?xml version="1.0" encoding="UTF-8"?>
<!-- Generated by org.testng.reporters.JUnitReportReporter -->
<testsuite skipped="0" hostname="apples-MacBook-Pro.local" name="com.web.SeleniumAlpha.Login" tests="1" failures="0" timestamp="2020-09-15T17:12:53 IST" time="3.272" errors="0">
  <testcase name="login" time="3.272" classname="com.web.SeleniumAlpha.Login"/>
</testsuite> <!-- com.web.SeleniumAlpha.Login -->
