<?xml version="1.0" encoding="UTF-8"?>
<!-- Generated by org.testng.reporters.JUnitReportReporter -->
<testsuite skipped="0" hostname="apples-MacBook-Pro.local" name="com.test.TestNG.PassingParameters" tests="1" failures="0" timestamp="2020-08-28T17:57:57 IST" time="2.692" errors="0">
  <testcase name="login" time="2.692" classname="com.test.TestNG.PassingParameters"/>
</testsuite> <!-- com.test.TestNG.PassingParameters -->
