<?xml version="1.0" encoding="UTF-8"?>
<!-- Generated by org.testng.reporters.JUnitReportReporter -->
<testsuite skipped="0" hostname="apples-MacBook-Pro.local" name="com.web.SeleniumAlpha.RelativeElements" tests="1" failures="0" timestamp="2020-05-12T19:33:20 IST" time="1.531" errors="0">
  <testcase name="takeScreenshotOfElement" time="1.531" classname="com.web.SeleniumAlpha.RelativeElements"/>
</testsuite> <!-- com.web.SeleniumAlpha.RelativeElements -->
